Build started 23.12.2013 г. 17:39:45 ч..
     1>Project "D:\University\Софтуерно инженерство 1 семестър\УП -\ConsoleGames-master\Snake\Snake.vcxproj" on node 2 (Build target(s)).
     1>ClCompile:
         C:\Program Files\Microsoft Visual Studio 11.0\VC\bin\CL.exe /c /ZI /nologo /W3 /WX- /Od /Oy- /D WIN32 /D _DEBUG /D _CONSOLE /D _UNICODE /D UNICODE /Gm /EHsc /RTC1 /MDd /GS /fp:precise /Zc:wchar_t /Zc:forScope /Fo"Debug\\" /Fd"Debug\vc110.pdb" /Gd /TP /analyze- /errorReport:prompt ConsoleGaming.cpp Snake.cpp
         Snake.cpp
     1>d:\university\софтуерно инженерство 1 семестър\уп -\consolegames-master\snake\snake.cpp(43): warning C4996: 'kbhit': The POSIX name for this item is deprecated. Instead, use the ISO C++ conformant name: _kbhit. See online help for details.
                 c:\program files\microsoft visual studio 11.0\vc\include\conio.h(133) : see declaration of 'kbhit'
     1>d:\university\софтуерно инженерство 1 семестър\уп -\consolegames-master\snake\snake.cpp(45): warning C4996: 'getch': The POSIX name for this item is deprecated. Instead, use the ISO C++ conformant name: _getch. See online help for details.
                 c:\program files\microsoft visual studio 11.0\vc\include\conio.h(131) : see declaration of 'getch'
     1>d:\university\софтуерно инженерство 1 семестър\уп -\consolegames-master\snake\snake.cpp(84): warning C4244: '*=' : conversion from 'double' to 'unsigned long', possible loss of data
     1>d:\university\софтуерно инженерство 1 семестър\уп -\consolegames-master\snake\snake.cpp(111): warning C4244: 'argument' : conversion from 'time_t' to 'unsigned int', possible loss of data
         ConsoleGaming.cpp
         Generating Code...
       Link:
         C:\Program Files\Microsoft Visual Studio 11.0\VC\bin\link.exe /ERRORREPORT:PROMPT /OUT:"D:\University\Софтуерно инженерство 1 семестър\УП -\ConsoleGames-master\Debug\Snake.exe" /INCREMENTAL /NOLOGO kernel32.lib user32.lib gdi32.lib winspool.lib comdlg32.lib advapi32.lib shell32.lib ole32.lib oleaut32.lib uuid.lib odbc32.lib odbccp32.lib /MANIFEST /MANIFESTUAC:"level='asInvoker' uiAccess='false'" /manifest:embed /DEBUG /PDB:"D:\University\Софтуерно инженерство 1 семестър\УП -\ConsoleGames-master\Debug\Snake.pdb" /SUBSYSTEM:CONSOLE /TLBID:1 /DYNAMICBASE /NXCOMPAT /IMPLIB:"D:\University\Софтуерно инженерство 1 семестър\УП -\ConsoleGames-master\Debug\Snake.lib" /MACHINE:X86 Debug\ConsoleGaming.obj
         Debug\Snake.obj
         Snake.vcxproj -> D:\University\Софтуерно инженерство 1 семестър\УП -\ConsoleGames-master\Debug\Snake.exe
     1>Done Building Project "D:\University\Софтуерно инженерство 1 семестър\УП -\ConsoleGames-master\Snake\Snake.vcxproj" (Build target(s)).

Build succeeded.

Time Elapsed 00:00:11.80
