D:\SNAKE OT ASCII\DEBUG\CONSOLEGAMING.OBJ
D:\SNAKE OT ASCII\DEBUG\VC110.PDB
D:\SNAKE OT ASCII\DEBUG\SNAKE.OBJ
D:\Snake ot ASCII\Debug\ConsoleGaming.obj
D:\Snake ot ASCII\Debug\Snake.obj
D:\Snake ot ASCII\Debug\cl.command.1.tlog
D:\Snake ot ASCII\Debug\CL.read.1.tlog
D:\Snake ot ASCII\Debug\CL.write.1.tlog
D:\Snake ot ASCII\Debug\link-cvtres.read.1.tlog
D:\Snake ot ASCII\Debug\link-cvtres.write.1.tlog
D:\Snake ot ASCII\Debug\link-rc.read.1.tlog
D:\Snake ot ASCII\Debug\link-rc.write.1.tlog
D:\Snake ot ASCII\Debug\link.8140-cvtres.read.1.tlog
D:\Snake ot ASCII\Debug\link.8140-cvtres.write.1.tlog
D:\Snake ot ASCII\Debug\link.8140-rc.read.1.tlog
D:\Snake ot ASCII\Debug\link.8140-rc.write.1.tlog
D:\Snake ot ASCII\Debug\link.8140.read.1.tlog
D:\Snake ot ASCII\Debug\link.8140.write.1.tlog
D:\Snake ot ASCII\Debug\link.command.1.tlog
D:\Snake ot ASCII\Debug\link.read.1.tlog
D:\Snake ot ASCII\Debug\link.write.1.tlog
D:\Snake ot ASCII\Debug\vc110.idb
D:\Snake ot ASCII\Debug\Snake.pdb
D:\Snake ot ASCII\Debug\vc110.pdb
